-------------------------------------------------------------------------------
Test set: LoginCourierTest
-------------------------------------------------------------------------------
Tests run: 4, Failures: 1, Errors: 0, Skipped: 0, Time elapsed: 60.703 s <<< FAILURE! - in LoginCourierTest
loginCourierWithoutPassword(LoginCourierTest)  Time elapsed: 60.225 s  <<< FAILURE!
java.lang.AssertionError: 
1 expectation failed.
Expected status code <400> but was <504>.

	at LoginCourierTest.loginCourierWithoutPassword(LoginCourierTest.java:81)

