<?xml version="1.0" encoding="UTF-8"?>
<testsuite xmlns:xsi="http://www.w3.org/2001/XMLSchema-instance" xsi:noNamespaceSchemaLocation="https://maven.apache.org/surefire/maven-surefire-plugin/xsd/surefire-test-report.xsd" name="LoginCourierTest" time="60.703" tests="4" errors="0" skipped="0" failures="1">
  <properties>
[...]
</properties>
  <testcase name="loginCourier" classname="LoginCourierTest" time="0.182"/>
  <testcase name="loginCourierWithNonExistentCredential" classname="LoginCourierTest" time="0.123"/>
  <testcase name="loginCourierWithoutLogin" classname="LoginCourierTest" time="0.168"/>
  <testcase name="loginCourierWithoutPassword" classname="LoginCourierTest" time="60.225">
    <failure message="1 expectation failed.&#10;Expected status code &lt;400&gt; but was &lt;504&gt;.&#10;" type="java.lang.AssertionError"><![CDATA[java.lang.AssertionError: 
1 expectation failed.
Expected status code <400> but was <504>.

	at LoginCourierTest.loginCourierWithoutPassword(LoginCourierTest.java:81)
]]></failure>
    <system-out><![CDATA[Request method:	POST
Request URI:	http://qa-scooter.praktikum-services.ru/api/v1/courier/login
Proxy:			<none>
Request params:	<none>
Query params:	<none>
Form params:	<none>
Path params:	<none>
Headers:		Accept=*/*
				Content-Type=application/json
Cookies:		<none>
Multiparts:		<none>
Body:
{
    "login": "karamel"
}
HTTP/1.1 504 Gateway time out
Content-Length: 19
X-Request-Id: 1786951238874937-17754047625192918081
Set-Cookie: _yasc=qmWJeBu2Hg6l5fDYQjdXl9MysOcwLLFkmeehvg+oKt8NZMfEGOnct0JxYlzYoWb1ITEVGg==; Path=/; Domain=.praktikum-services.ru; Expires=Thu, 14 Aug 2036 07:20:38 GMT; Secure

Service unavailable
Request method:	POST
Request URI:	http://qa-scooter.praktikum-services.ru/api/v1/courier/login
Proxy:			<none>
Request params:	<none>
Query params:	<none>
Form params:	<none>
Path params:	<none>
Headers:		Accept=*/*
				Content-Type=application/json
Cookies:		<none>
Multiparts:		<none>
Body:
{
    "login": "karamel",
    "password": "123456"
}
Request method:	DELETE
Request URI:	http://qa-scooter.praktikum-services.ru/api/v1/courier/0
Proxy:			<none>
Request params:	<none>
Query params:	<none>
Form params:	<none>
Path params:	<none>
Headers:		Accept=*/*
				Content-Type=application/json
Cookies:		<none>
Multiparts:		<none>
Body:			<none>
]]></system-out>
  </testcase>
</testsuite>